


ARM Macro Assembler    Page 1 


    1 00000000         ;/*!
    2 00000000         ;    \file    startup_gd32e50x_hd.s
    3 00000000         ;    \brief   start up file
    4 00000000         ;
    5 00000000         ;    \version 2023-12-31, V1.4.0, firmware for GD32E50x
    6 00000000         ;*/
    7 00000000         ;
    8 00000000         ;/*
    9 00000000         ; * Copyright (c) 2009-2018 Arm Limited. All rights rese
                       rved.
   10 00000000         ; * Copyright (c) 2023, GigaDevice Semiconductor Inc.
   11 00000000         ; *
   12 00000000         ; * SPDX-License-Identifier: Apache-2.0
   13 00000000         ; *
   14 00000000         ; * Licensed under the Apache License, Version 2.0 (the 
                       License); you may
   15 00000000         ; * not use this file except in compliance with the Lice
                       nse.
   16 00000000         ; * You may obtain a copy of the License at
   17 00000000         ; *
   18 00000000         ; * www.apache.org/licenses/LICENSE-2.0
   19 00000000         ; *
   20 00000000         ; * Unless required by applicable law or agreed to in wr
                       iting, software
   21 00000000         ; * distributed under the License is distributed on an A
                       S IS BASIS, WITHOUT
   22 00000000         ; * WARRANTIES OR CONDITIONS OF ANY KIND, either express
                        or implied.
   23 00000000         ; * See the License for the specific language governing 
                       permissions and
   24 00000000         ; * limitations under the License.
   25 00000000         ; */
   26 00000000         ;/* This file refers the CMSIS standard, some adjustment
                       s are made according to GigaDevice chips */
   27 00000000         
   28 00000000         
   29 00000000         ; <h> Stack Configuration
   30 00000000         ;   <o> Stack Size (in Bytes) <0x0-0xFFFFFFFF:8>
   31 00000000         ; </h>
   32 00000000         
   33 00000000 00000400 
                       Stack_Size
                               EQU              0x00000400
   34 00000000         
   35 00000000                 AREA             STACK, NOINIT, READWRITE, ALIGN
=3
   36 00000000         Stack_Mem
                               SPACE            Stack_Size
   37 00000400         __initial_sp
   38 00000400         
   39 00000400         
   40 00000400         ; <h> Heap Configuration
   41 00000400         ;   <o>  Heap Size (in Bytes) <0x0-0xFFFFFFFF:8>
   42 00000400         ; </h>
   43 00000400         
   44 00000400 00000400 
                       Heap_Size
                               EQU              0x00000400
   45 00000400         



ARM Macro Assembler    Page 2 


   46 00000400                 AREA             HEAP, NOINIT, READWRITE, ALIGN=
3
   47 00000000         __heap_base
   48 00000000         Heap_Mem
                               SPACE            Heap_Size
   49 00000400         __heap_limit
   50 00000400         
   51 00000400                 PRESERVE8
   52 00000400                 THUMB
   53 00000400         
   54 00000400         ;               /* reset Vector Mapped to at Address 0 *
                       /
   55 00000400                 AREA             RESET, DATA, READONLY
   56 00000000                 EXPORT           __Vectors
   57 00000000                 EXPORT           __Vectors_End
   58 00000000                 EXPORT           __Vectors_Size
   59 00000000         
   60 00000000 00000000 
                       __Vectors
                               DCD              __initial_sp ; Top of Stack
   61 00000004 00000000        DCD              Reset_Handler ; Reset Handler
   62 00000008 00000000        DCD              NMI_Handler ; NMI Handler
   63 0000000C 00000000        DCD              HardFault_Handler ; Hard Fault 
                                                            Handler
   64 00000010 00000000        DCD              MemManage_Handler 
                                                            ; MPU Fault Handler
                                                            
   65 00000014 00000000        DCD              BusFault_Handler 
                                                            ; Bus Fault Handler
                                                            
   66 00000018 00000000        DCD              UsageFault_Handler ; Usage Faul
                                                            t Handler
   67 0000001C 00000000        DCD              0           ; Reserved
   68 00000020 00000000        DCD              0           ; Reserved
   69 00000024 00000000        DCD              0           ; Reserved
   70 00000028 00000000        DCD              0           ; Reserved
   71 0000002C 00000000        DCD              SVC_Handler ; SVCall Handler
   72 00000030 00000000        DCD              DebugMon_Handler ; Debug Monito
                                                            r Handler
   73 00000034 00000000        DCD              0           ; Reserved
   74 00000038 00000000        DCD              PendSV_Handler ; PendSV Handler
                                                            
   75 0000003C 00000000        DCD              SysTick_Handler 
                                                            ; SysTick Handler
   76 00000040         
   77 00000040         ;               /* external interrupts handler */
   78 00000040 00000000        DCD              WWDGT_IRQHandler ; 16:Window Wa
                                                            tchdog Timer
   79 00000044 00000000        DCD              LVD_IRQHandler ; 17:LVD through
                                                             EXTI Line detect
   80 00000048 00000000        DCD              TAMPER_IRQHandler ; 18:Tamper t
                                                            hrough EXTI Line de
                                                            tect
   81 0000004C 00000000        DCD              RTC_IRQHandler ; 19:RTC through
                                                             EXTI Line
   82 00000050 00000000        DCD              FMC_IRQHandler ; 20:FMC
   83 00000054 00000000        DCD              RCU_CTC_IRQHandler 
                                                            ; 21:RCU and CTC
   84 00000058 00000000        DCD              EXTI0_IRQHandler 



ARM Macro Assembler    Page 3 


                                                            ; 22:EXTI Line 0
   85 0000005C 00000000        DCD              EXTI1_IRQHandler 
                                                            ; 23:EXTI Line 1
   86 00000060 00000000        DCD              EXTI2_IRQHandler 
                                                            ; 24:EXTI Line 2
   87 00000064 00000000        DCD              EXTI3_IRQHandler 
                                                            ; 25:EXTI Line 3
   88 00000068 00000000        DCD              EXTI4_IRQHandler 
                                                            ; 26:EXTI Line 4
   89 0000006C 00000000        DCD              DMA0_Channel0_IRQHandler 
                                                            ; 27:DMA0 Channel0
   90 00000070 00000000        DCD              DMA0_Channel1_IRQHandler 
                                                            ; 28:DMA0 Channel1
   91 00000074 00000000        DCD              DMA0_Channel2_IRQHandler 
                                                            ; 29:DMA0 Channel2
   92 00000078 00000000        DCD              DMA0_Channel3_IRQHandler 
                                                            ; 30:DMA0 Channel3
   93 0000007C 00000000        DCD              DMA0_Channel4_IRQHandler 
                                                            ; 31:DMA0 Channel4
   94 00000080 00000000        DCD              DMA0_Channel5_IRQHandler 
                                                            ; 32:DMA0 Channel5
   95 00000084 00000000        DCD              DMA0_Channel6_IRQHandler 
                                                            ; 33:DMA0 Channel6
   96 00000088 00000000        DCD              ADC0_1_IRQHandler 
                                                            ; 34:ADC0 and ADC1
   97 0000008C 00000000        DCD              USBD_HP_CAN0_TX_IRQHandler ; 35
                                                            :USBD HP or CAN0 TX
                                                            
   98 00000090 00000000        DCD              USBD_LP_CAN0_RX0_IRQHandler ; 3
                                                            6:USBD LP or CAN0 R
                                                            X0
   99 00000094 00000000        DCD              CAN0_RX1_IRQHandler 
                                                            ; 37:CAN0 RX1
  100 00000098 00000000        DCD              CAN0_EWMC_IRQHandler 
                                                            ; 38:CAN0 EWMC
  101 0000009C 00000000        DCD              EXTI5_9_IRQHandler 
                                                            ; 39:EXTI5 to EXTI9
                                                            
  102 000000A0 00000000        DCD              TIMER0_BRK_TIMER8_IRQHandler ; 
                                                            40:TIMER0 Break and
                                                             TIMER8
  103 000000A4 00000000        DCD              TIMER0_UP_TIMER9_IRQHandler ; 4
                                                            1:TIMER0 Update and
                                                             TIMER9
  104 000000A8 00000000        DCD              TIMER0_TRG_CMT_TIMER10_IRQHandl
er 
                                                            ; 42:TIMER0 Trigger
                                                             and Commutation an
                                                            d TIMER10
  105 000000AC 00000000        DCD              TIMER0_Channel_IRQHandler ; 43:
                                                            TIMER0 Channel Capt
                                                            ure Compare
  106 000000B0 00000000        DCD              TIMER1_IRQHandler ; 44:TIMER1
  107 000000B4 00000000        DCD              TIMER2_IRQHandler ; 45:TIMER2
  108 000000B8 00000000        DCD              TIMER3_IRQHandler ; 46:TIMER3
  109 000000BC 00000000        DCD              I2C0_EV_IRQHandler 
                                                            ; 47:I2C0 Event
  110 000000C0 00000000        DCD              I2C0_ER_IRQHandler 
                                                            ; 48:I2C0 Error



ARM Macro Assembler    Page 4 


  111 000000C4 00000000        DCD              I2C1_EV_IRQHandler 
                                                            ; 49:I2C1 Event
  112 000000C8 00000000        DCD              I2C1_ER_IRQHandler 
                                                            ; 50:I2C1 Error
  113 000000CC 00000000        DCD              SPI0_IRQHandler ; 51:SPI0
  114 000000D0 00000000        DCD              SPI1_I2S1ADD_IRQHandler ; 52:SP
                                                            I1 or I2S1ADD
  115 000000D4 00000000        DCD              USART0_IRQHandler ; 53:USART0
  116 000000D8 00000000        DCD              USART1_IRQHandler ; 54:USART1
  117 000000DC 00000000        DCD              USART2_IRQHandler ; 55:USART2
  118 000000E0 00000000        DCD              EXTI10_15_IRQHandler ; 56:EXTI1
                                                            0 to EXTI15
  119 000000E4 00000000        DCD              RTC_Alarm_IRQHandler 
                                                            ; 57:RTC Alarm
  120 000000E8 00000000        DCD              USBD_WKUP_IRQHandler 
                                                            ; 58:USBD Wakeup
  121 000000EC 00000000        DCD              TIMER7_BRK_TIMER11_IRQHandler ;
                                                             59:TIMER7 Break an
                                                            d TIMER11
  122 000000F0 00000000        DCD              TIMER7_UP_TIMER12_IRQHandler ; 
                                                            60:TIMER7 Update an
                                                            d TIMER12
  123 000000F4 00000000        DCD              TIMER7_TRG_CMT_TIMER13_IRQHandl
er 
                                                            ; 61:TIMER7 Trigger
                                                             and Commutation an
                                                            d TIMER13
  124 000000F8 00000000        DCD              TIMER7_Channel_IRQHandler ; 62:
                                                            TIMER7 Channel Capt
                                                            ure Compare
  125 000000FC 00000000        DCD              ADC2_IRQHandler ; 63:ADC2
  126 00000100 00000000        DCD              EXMC_IRQHandler ; 64:EXMC
  127 00000104 00000000        DCD              SDIO_IRQHandler ; 65:SDIO
  128 00000108 00000000        DCD              TIMER4_IRQHandler ; 66:TIMER4
  129 0000010C 00000000        DCD              SPI2_I2S2ADD_IRQHandler ; 67:SP
                                                            I2 or I2S2ADD
  130 00000110 00000000        DCD              UART3_IRQHandler ; 68:UART3
  131 00000114 00000000        DCD              UART4_IRQHandler ; 69:UART4
  132 00000118 00000000        DCD              TIMER5_DAC_IRQHandler 
                                                            ; 70:TIMER5 or DAC
  133 0000011C 00000000        DCD              TIMER6_IRQHandler ; 71:TIMER6
  134 00000120 00000000        DCD              DMA1_Channel0_IRQHandler 
                                                            ; 72:DMA1 Channel0
  135 00000124 00000000        DCD              DMA1_Channel1_IRQHandler 
                                                            ; 73:DMA1 Channel1
  136 00000128 00000000        DCD              DMA1_Channel2_IRQHandler 
                                                            ; 74:DMA1 Channel2
  137 0000012C 00000000        DCD              DMA1_Channel3_4_IRQHandler ; 75
                                                            :DMA1 Channel3 and 
                                                            Channel4
  138 00000130 00000000        DCD              0           ; Reserved
  139 00000134 00000000        DCD              0           ; Reserved
  140 00000138 00000000        DCD              0           ; Reserved
  141 0000013C 00000000        DCD              CAN1_TX_IRQHandler ; 79:CAN1 TX
                                                            
  142 00000140 00000000        DCD              CAN1_RX0_IRQHandler 
                                                            ; 80:CAN1 RX0
  143 00000144 00000000        DCD              CAN1_RX1_IRQHandler 
                                                            ; 81:CAN1 RX1



ARM Macro Assembler    Page 5 


  144 00000148 00000000        DCD              CAN1_EWMC_IRQHandler 
                                                            ; 82:CAN1 EWMC
  145 0000014C 00000000        DCD              0           ; Reserved
  146 00000150 00000000        DCD              0           ; Reserved
  147 00000154 00000000        DCD              SHRTIMER_IRQ2_IRQHandler 
                                                            ; 85:SHRTIMER IRQ2
  148 00000158 00000000        DCD              SHRTIMER_IRQ3_IRQHandler 
                                                            ; 86:SHRTIMER IRQ3
  149 0000015C 00000000        DCD              SHRTIMER_IRQ4_IRQHandler 
                                                            ; 87:SHRTIMER IRQ4
  150 00000160 00000000        DCD              SHRTIMER_IRQ5_IRQHandler 
                                                            ; 88:SHRTIMER IRQ5
  151 00000164 00000000        DCD              SHRTIMER_IRQ6_IRQHandler 
                                                            ; 89:SHRTIMER IRQ6
  152 00000168 00000000        DCD              0           ; Reserved
  153 0000016C 00000000        DCD              0           ; Reserved
  154 00000170 00000000        DCD              SHRTIMER_IRQ0_IRQHandler 
                                                            ; 92:SHRTIMER IRQ0
  155 00000174 00000000        DCD              SHRTIMER_IRQ1_IRQHandler 
                                                            ; 93:SHRTIMER IRQ1
  156 00000178 00000000        DCD              0           ; Reserved
  157 0000017C 00000000        DCD              0           ; Reserved
  158 00000180 00000000        DCD              0           ; Reserved
  159 00000184 00000000        DCD              0           ; Reserved
  160 00000188 00000000        DCD              I2C2_EV_IRQHandler 
                                                            ; 98:I2C2 Event
  161 0000018C 00000000        DCD              I2C2_ER_IRQHandler 
                                                            ; 99:I2C2 Error
  162 00000190 00000000        DCD              USART5_IRQHandler ; 100:USART5
  163 00000194 00000000        DCD              I2C2_WKUP_IRQHandler 
                                                            ; 101:I2C2 Wakeup
  164 00000198 00000000        DCD              USART5_WKUP_IRQHandler 
                                                            ; 102:USART5 Wakeup
                                                            
  165 0000019C 00000000        DCD              0           ; Reserved
  166 000001A0         
  167 000001A0         __Vectors_End
  168 000001A0         
  169 000001A0 000001A0 
                       __Vectors_Size
                               EQU              __Vectors_End - __Vectors
  170 000001A0         
  171 000001A0                 AREA             |.text|, CODE, READONLY
  172 00000000         
  173 00000000         ;/* reset Handler */
  174 00000000         Reset_Handler
                               PROC
  175 00000000                 EXPORT           Reset_Handler                  
   [WEAK]
  176 00000000                 IMPORT           SystemInit
  177 00000000                 IMPORT           __main
  178 00000000 4806            LDR              R0, =SystemInit
  179 00000002 4780            BLX              R0
  180 00000004 4806            LDR              R0, =__main
  181 00000006 4700            BX               R0
  182 00000008                 ENDP
  183 00000008         
  184 00000008         ;/* dummy Exception Handlers */
  185 00000008         NMI_Handler



ARM Macro Assembler    Page 6 


                               PROC
  186 00000008                 EXPORT           NMI_Handler                    
   [WEAK]
  187 00000008 E7FE            B                .
  188 0000000A                 ENDP
  190 0000000A         HardFault_Handler
                               PROC
  191 0000000A                 EXPORT           HardFault_Handler              
   [WEAK]
  192 0000000A E7FE            B                .
  193 0000000C                 ENDP
  195 0000000C         MemManage_Handler
                               PROC
  196 0000000C                 EXPORT           MemManage_Handler              
   [WEAK]
  197 0000000C E7FE            B                .
  198 0000000E                 ENDP
  200 0000000E         BusFault_Handler
                               PROC
  201 0000000E                 EXPORT           BusFault_Handler               
   [WEAK]
  202 0000000E E7FE            B                .
  203 00000010                 ENDP
  205 00000010         UsageFault_Handler
                               PROC
  206 00000010                 EXPORT           UsageFault_Handler             
   [WEAK]
  207 00000010 E7FE            B                .
  208 00000012                 ENDP
  209 00000012         SVC_Handler
                               PROC
  210 00000012                 EXPORT           SVC_Handler                    
   [WEAK]
  211 00000012 E7FE            B                .
  212 00000014                 ENDP
  214 00000014         DebugMon_Handler
                               PROC
  215 00000014                 EXPORT           DebugMon_Handler               
   [WEAK]
  216 00000014 E7FE            B                .
  217 00000016                 ENDP
  219 00000016         PendSV_Handler
                               PROC
  220 00000016                 EXPORT           PendSV_Handler                 
   [WEAK]
  221 00000016 E7FE            B                .
  222 00000018                 ENDP
  224 00000018         SysTick_Handler
                               PROC
  225 00000018                 EXPORT           SysTick_Handler                
   [WEAK]
  226 00000018 E7FE            B                .
  227 0000001A                 ENDP
  228 0000001A         
  229 0000001A         Default_Handler
                               PROC
  230 0000001A         ;               /* external interrupts handler */
  231 0000001A                 EXPORT           WWDGT_IRQHandler               
   [WEAK]



ARM Macro Assembler    Page 7 


  232 0000001A                 EXPORT           LVD_IRQHandler                 
   [WEAK]
  233 0000001A                 EXPORT           TAMPER_IRQHandler              
   [WEAK]
  234 0000001A                 EXPORT           RTC_IRQHandler                 
   [WEAK]
  235 0000001A                 EXPORT           FMC_IRQHandler                 
   [WEAK]
  236 0000001A                 EXPORT           RCU_CTC_IRQHandler             
   [WEAK]
  237 0000001A                 EXPORT           EXTI0_IRQHandler               
   [WEAK]
  238 0000001A                 EXPORT           EXTI1_IRQHandler               
   [WEAK]
  239 0000001A                 EXPORT           EXTI2_IRQHandler               
   [WEAK]
  240 0000001A                 EXPORT           EXTI3_IRQHandler               
   [WEAK]
  241 0000001A                 EXPORT           EXTI4_IRQHandler               
   [WEAK]
  242 0000001A                 EXPORT           DMA0_Channel0_IRQHandler       
   [WEAK]
  243 0000001A                 EXPORT           DMA0_Channel1_IRQHandler       
   [WEAK]
  244 0000001A                 EXPORT           DMA0_Channel2_IRQHandler       
   [WEAK]
  245 0000001A                 EXPORT           DMA0_Channel3_IRQHandler       
   [WEAK]
  246 0000001A                 EXPORT           DMA0_Channel4_IRQHandler       
   [WEAK]
  247 0000001A                 EXPORT           DMA0_Channel5_IRQHandler       
   [WEAK]
  248 0000001A                 EXPORT           DMA0_Channel6_IRQHandler       
   [WEAK]
  249 0000001A                 EXPORT           ADC0_1_IRQHandler              
   [WEAK]
  250 0000001A                 EXPORT           USBD_HP_CAN0_TX_IRQHandler     
   [WEAK]
  251 0000001A                 EXPORT           USBD_LP_CAN0_RX0_IRQHandler    
   [WEAK]
  252 0000001A                 EXPORT           CAN0_RX1_IRQHandler            
   [WEAK]
  253 0000001A                 EXPORT           CAN0_EWMC_IRQHandler           
   [WEAK]
  254 0000001A                 EXPORT           EXTI5_9_IRQHandler             
   [WEAK]
  255 0000001A                 EXPORT           TIMER0_BRK_TIMER8_IRQHandler   
   [WEAK]
  256 0000001A                 EXPORT           TIMER0_UP_TIMER9_IRQHandler    
   [WEAK]
  257 0000001A                 EXPORT           TIMER0_TRG_CMT_TIMER10_IRQHandl
er [WEAK]
  258 0000001A                 EXPORT           TIMER0_Channel_IRQHandler      
   [WEAK]
  259 0000001A                 EXPORT           TIMER1_IRQHandler              
   [WEAK]
  260 0000001A                 EXPORT           TIMER2_IRQHandler              
   [WEAK]
  261 0000001A                 EXPORT           TIMER3_IRQHandler              



ARM Macro Assembler    Page 8 


   [WEAK]
  262 0000001A                 EXPORT           I2C0_EV_IRQHandler             
   [WEAK]
  263 0000001A                 EXPORT           I2C0_ER_IRQHandler             
   [WEAK]
  264 0000001A                 EXPORT           I2C1_EV_IRQHandler             
   [WEAK]
  265 0000001A                 EXPORT           I2C1_ER_IRQHandler             
   [WEAK]
  266 0000001A                 EXPORT           SPI0_IRQHandler                
   [WEAK]
  267 0000001A                 EXPORT           SPI1_I2S1ADD_IRQHandler        
   [WEAK]
  268 0000001A                 EXPORT           USART0_IRQHandler              
   [WEAK]
  269 0000001A                 EXPORT           USART1_IRQHandler              
   [WEAK]
  270 0000001A                 EXPORT           USART2_IRQHandler              
   [WEAK]
  271 0000001A                 EXPORT           EXTI10_15_IRQHandler           
   [WEAK]
  272 0000001A                 EXPORT           RTC_Alarm_IRQHandler           
   [WEAK]
  273 0000001A                 EXPORT           USBD_WKUP_IRQHandler           
   [WEAK]
  274 0000001A                 EXPORT           TIMER7_BRK_TIMER11_IRQHandler  
   [WEAK]
  275 0000001A                 EXPORT           TIMER7_UP_TIMER12_IRQHandler   
   [WEAK]
  276 0000001A                 EXPORT           TIMER7_TRG_CMT_TIMER13_IRQHandl
er [WEAK]
  277 0000001A                 EXPORT           TIMER7_Channel_IRQHandler      
   [WEAK]
  278 0000001A                 EXPORT           ADC2_IRQHandler                
   [WEAK]
  279 0000001A                 EXPORT           EXMC_IRQHandler                
   [WEAK]
  280 0000001A                 EXPORT           SDIO_IRQHandler                
   [WEAK]
  281 0000001A                 EXPORT           TIMER4_IRQHandler              
   [WEAK]
  282 0000001A                 EXPORT           SPI2_I2S2ADD_IRQHandler        
   [WEAK]
  283 0000001A                 EXPORT           UART3_IRQHandler               
   [WEAK]
  284 0000001A                 EXPORT           UART4_IRQHandler               
   [WEAK]
  285 0000001A                 EXPORT           TIMER5_DAC_IRQHandler          
   [WEAK]
  286 0000001A                 EXPORT           TIMER6_IRQHandler              
   [WEAK]
  287 0000001A                 EXPORT           DMA1_Channel0_IRQHandler       
   [WEAK]
  288 0000001A                 EXPORT           DMA1_Channel1_IRQHandler       
   [WEAK]
  289 0000001A                 EXPORT           DMA1_Channel2_IRQHandler       
   [WEAK]
  290 0000001A                 EXPORT           DMA1_Channel3_4_IRQHandler     
   [WEAK]



ARM Macro Assembler    Page 9 


  291 0000001A                 EXPORT           CAN1_TX_IRQHandler             
   [WEAK]
  292 0000001A                 EXPORT           CAN1_RX0_IRQHandler            
   [WEAK]
  293 0000001A                 EXPORT           CAN1_RX1_IRQHandler            
   [WEAK]
  294 0000001A                 EXPORT           CAN1_EWMC_IRQHandler           
   [WEAK]
  295 0000001A                 EXPORT           SHRTIMER_IRQ2_IRQHandler       
   [WEAK]
  296 0000001A                 EXPORT           SHRTIMER_IRQ3_IRQHandler       
   [WEAK]
  297 0000001A                 EXPORT           SHRTIMER_IRQ4_IRQHandler       
   [WEAK]
  298 0000001A                 EXPORT           SHRTIMER_IRQ5_IRQHandler       
   [WEAK]
  299 0000001A                 EXPORT           SHRTIMER_IRQ6_IRQHandler       
   [WEAK]
  300 0000001A                 EXPORT           SHRTIMER_IRQ0_IRQHandler       
   [WEAK]
  301 0000001A                 EXPORT           SHRTIMER_IRQ1_IRQHandler       
   [WEAK]
  302 0000001A                 EXPORT           I2C2_EV_IRQHandler             
   [WEAK]
  303 0000001A                 EXPORT           I2C2_ER_IRQHandler             
   [WEAK]
  304 0000001A                 EXPORT           USART5_IRQHandler              
   [WEAK]
  305 0000001A                 EXPORT           I2C2_WKUP_IRQHandler           
   [WEAK]
  306 0000001A                 EXPORT           USART5_WKUP_IRQHandler         
   [WEAK]
  307 0000001A         
  308 0000001A         ;/* external interrupts handler */
  309 0000001A         WWDGT_IRQHandler
  310 0000001A         LVD_IRQHandler
  311 0000001A         TAMPER_IRQHandler
  312 0000001A         RTC_IRQHandler
  313 0000001A         FMC_IRQHandler
  314 0000001A         RCU_CTC_IRQHandler
  315 0000001A         EXTI0_IRQHandler
  316 0000001A         EXTI1_IRQHandler
  317 0000001A         EXTI2_IRQHandler
  318 0000001A         EXTI3_IRQHandler
  319 0000001A         EXTI4_IRQHandler
  320 0000001A         DMA0_Channel0_IRQHandler
  321 0000001A         DMA0_Channel1_IRQHandler
  322 0000001A         DMA0_Channel2_IRQHandler
  323 0000001A         DMA0_Channel3_IRQHandler
  324 0000001A         DMA0_Channel4_IRQHandler
  325 0000001A         DMA0_Channel5_IRQHandler
  326 0000001A         DMA0_Channel6_IRQHandler
  327 0000001A         ADC0_1_IRQHandler
  328 0000001A         USBD_HP_CAN0_TX_IRQHandler
  329 0000001A         USBD_LP_CAN0_RX0_IRQHandler
  330 0000001A         CAN0_RX1_IRQHandler
  331 0000001A         CAN0_EWMC_IRQHandler
  332 0000001A         EXTI5_9_IRQHandler
  333 0000001A         TIMER0_BRK_TIMER8_IRQHandler



ARM Macro Assembler    Page 10 


  334 0000001A         TIMER0_UP_TIMER9_IRQHandler
  335 0000001A         TIMER0_TRG_CMT_TIMER10_IRQHandler
  336 0000001A         TIMER0_Channel_IRQHandler
  337 0000001A         TIMER1_IRQHandler
  338 0000001A         TIMER2_IRQHandler
  339 0000001A         TIMER3_IRQHandler
  340 0000001A         I2C0_EV_IRQHandler
  341 0000001A         I2C0_ER_IRQHandler
  342 0000001A         I2C1_EV_IRQHandler
  343 0000001A         I2C1_ER_IRQHandler
  344 0000001A         SPI0_IRQHandler
  345 0000001A         SPI1_I2S1ADD_IRQHandler
  346 0000001A         USART0_IRQHandler
  347 0000001A         USART1_IRQHandler
  348 0000001A         USART2_IRQHandler
  349 0000001A         EXTI10_15_IRQHandler
  350 0000001A         RTC_Alarm_IRQHandler
  351 0000001A         USBD_WKUP_IRQHandler
  352 0000001A         TIMER7_BRK_TIMER11_IRQHandler
  353 0000001A         TIMER7_UP_TIMER12_IRQHandler
  354 0000001A         TIMER7_TRG_CMT_TIMER13_IRQHandler
  355 0000001A         TIMER7_Channel_IRQHandler
  356 0000001A         ADC2_IRQHandler
  357 0000001A         EXMC_IRQHandler
  358 0000001A         SDIO_IRQHandler
  359 0000001A         TIMER4_IRQHandler
  360 0000001A         SPI2_I2S2ADD_IRQHandler
  361 0000001A         UART3_IRQHandler
  362 0000001A         UART4_IRQHandler
  363 0000001A         TIMER5_DAC_IRQHandler
  364 0000001A         TIMER6_IRQHandler
  365 0000001A         DMA1_Channel0_IRQHandler
  366 0000001A         DMA1_Channel1_IRQHandler
  367 0000001A         DMA1_Channel2_IRQHandler
  368 0000001A         DMA1_Channel3_4_IRQHandler
  369 0000001A         CAN1_TX_IRQHandler
  370 0000001A         CAN1_RX0_IRQHandler
  371 0000001A         CAN1_RX1_IRQHandler
  372 0000001A         CAN1_EWMC_IRQHandler
  373 0000001A         SHRTIMER_IRQ2_IRQHandler
  374 0000001A         SHRTIMER_IRQ3_IRQHandler
  375 0000001A         SHRTIMER_IRQ4_IRQHandler
  376 0000001A         SHRTIMER_IRQ5_IRQHandler
  377 0000001A         SHRTIMER_IRQ6_IRQHandler
  378 0000001A         SHRTIMER_IRQ0_IRQHandler
  379 0000001A         SHRTIMER_IRQ1_IRQHandler
  380 0000001A         I2C2_EV_IRQHandler
  381 0000001A         I2C2_ER_IRQHandler
  382 0000001A         USART5_IRQHandler
  383 0000001A         I2C2_WKUP_IRQHandler
  384 0000001A         USART5_WKUP_IRQHandler
  385 0000001A         
  386 0000001A E7FE            B                .
  387 0000001C                 ENDP
  388 0000001C         
  389 0000001C                 ALIGN
  390 0000001C         
  391 0000001C         ; user Initial Stack & Heap
  392 0000001C         



ARM Macro Assembler    Page 11 


  393 0000001C                 IF               :DEF:__MICROLIB
  394 0000001C         
  395 0000001C                 EXPORT           __initial_sp
  396 0000001C                 EXPORT           __heap_base
  397 0000001C                 EXPORT           __heap_limit
  398 0000001C         
  399 0000001C                 ELSE
  414                          ENDIF
  415 0000001C         
  416 0000001C                 END
              00000000 
              00000000 
Command Line: --debug --xref --diag_suppress=9931 --cpu=Cortex-M33.no_dsp --fpu
=FPv5-SP --depend=.\output\startup_gd32e50x_hd.d -o.\output\startup_gd32e50x_hd
.o -I.\RTE\_GD32E503R_START -ID:\Keil_v5\ARM\CMSIS\5.8.0\CMSIS\Core\Include -ID
:\Keil_v5\GigaDevice\GD32E50x_DFP\1.3.2\Device\Include --predefine="__EVAL SETA
 1" --predefine="__MICROLIB SETA 1" --predefine="__UVISION_VERSION SETA 536" --
predefine="_RTE_ SETA 1" --predefine="GD32E50x_HD SETA 1" --predefine="_RTE_ SE
TA 1" --list=.\list\startup_gd32e50x_hd.lst ..\GD32E50x_Firmware_Library\CMSIS\
GD\GD32E50x\Source\ARM\startup_gd32e50x_hd.s



ARM Macro Assembler    Page 1 Alphabetic symbol ordering
Relocatable symbols

STACK 00000000

Symbol: STACK
   Definitions
      At line 35 in file ..\GD32E50x_Firmware_Library\CMSIS\GD\GD32E50x\Source\
ARM\startup_gd32e50x_hd.s
   Uses
      None
Comment: STACK unused
Stack_Mem 00000000

Symbol: Stack_Mem
   Definitions
      At line 36 in file ..\GD32E50x_Firmware_Library\CMSIS\GD\GD32E50x\Source\
ARM\startup_gd32e50x_hd.s
   Uses
      None
Comment: Stack_Mem unused
__initial_sp 00000400

Symbol: __initial_sp
   Definitions
      At line 37 in file ..\GD32E50x_Firmware_Library\CMSIS\GD\GD32E50x\Source\
ARM\startup_gd32e50x_hd.s
   Uses
      At line 60 in file ..\GD32E50x_Firmware_Library\CMSIS\GD\GD32E50x\Source\
ARM\startup_gd32e50x_hd.s
      At line 395 in file ..\GD32E50x_Firmware_Library\CMSIS\GD\GD32E50x\Source
\ARM\startup_gd32e50x_hd.s

3 symbols



ARM Macro Assembler    Page 1 Alphabetic symbol ordering
Relocatable symbols

HEAP 00000000

Symbol: HEAP
   Definitions
      At line 46 in file ..\GD32E50x_Firmware_Library\CMSIS\GD\GD32E50x\Source\
ARM\startup_gd32e50x_hd.s
   Uses
      None
Comment: HEAP unused
Heap_Mem 00000000

Symbol: Heap_Mem
   Definitions
      At line 48 in file ..\GD32E50x_Firmware_Library\CMSIS\GD\GD32E50x\Source\
ARM\startup_gd32e50x_hd.s
   Uses
      None
Comment: Heap_Mem unused
__heap_base 00000000

Symbol: __heap_base
   Definitions
      At line 47 in file ..\GD32E50x_Firmware_Library\CMSIS\GD\GD32E50x\Source\
ARM\startup_gd32e50x_hd.s
   Uses
      At line 396 in file ..\GD32E50x_Firmware_Library\CMSIS\GD\GD32E50x\Source
\ARM\startup_gd32e50x_hd.s
Comment: __heap_base used once
__heap_limit 00000400

Symbol: __heap_limit
   Definitions
      At line 49 in file ..\GD32E50x_Firmware_Library\CMSIS\GD\GD32E50x\Source\
ARM\startup_gd32e50x_hd.s
   Uses
      At line 397 in file ..\GD32E50x_Firmware_Library\CMSIS\GD\GD32E50x\Source
\ARM\startup_gd32e50x_hd.s
Comment: __heap_limit used once
4 symbols



ARM Macro Assembler    Page 1 Alphabetic symbol ordering
Relocatable symbols

RESET 00000000

Symbol: RESET
   Definitions
      At line 55 in file ..\GD32E50x_Firmware_Library\CMSIS\GD\GD32E50x\Source\
ARM\startup_gd32e50x_hd.s
   Uses
      None
Comment: RESET unused
__Vectors 00000000

Symbol: __Vectors
   Definitions
      At line 60 in file ..\GD32E50x_Firmware_Library\CMSIS\GD\GD32E50x\Source\
ARM\startup_gd32e50x_hd.s
   Uses
      At line 56 in file ..\GD32E50x_Firmware_Library\CMSIS\GD\GD32E50x\Source\
ARM\startup_gd32e50x_hd.s
      At line 169 in file ..\GD32E50x_Firmware_Library\CMSIS\GD\GD32E50x\Source
\ARM\startup_gd32e50x_hd.s

__Vectors_End 000001A0

Symbol: __Vectors_End
   Definitions
      At line 167 in file ..\GD32E50x_Firmware_Library\CMSIS\GD\GD32E50x\Source
\ARM\startup_gd32e50x_hd.s
   Uses
      At line 57 in file ..\GD32E50x_Firmware_Library\CMSIS\GD\GD32E50x\Source\
ARM\startup_gd32e50x_hd.s
      At line 169 in file ..\GD32E50x_Firmware_Library\CMSIS\GD\GD32E50x\Source
\ARM\startup_gd32e50x_hd.s

3 symbols



ARM Macro Assembler    Page 1 Alphabetic symbol ordering
Relocatable symbols

.text 00000000

Symbol: .text
   Definitions
      At line 171 in file ..\GD32E50x_Firmware_Library\CMSIS\GD\GD32E50x\Source
\ARM\startup_gd32e50x_hd.s
   Uses
      None
Comment: .text unused
ADC0_1_IRQHandler 0000001A

Symbol: ADC0_1_IRQHandler
   Definitions
      At line 327 in file ..\GD32E50x_Firmware_Library\CMSIS\GD\GD32E50x\Source
\ARM\startup_gd32e50x_hd.s
   Uses
      At line 96 in file ..\GD32E50x_Firmware_Library\CMSIS\GD\GD32E50x\Source\
ARM\startup_gd32e50x_hd.s
      At line 249 in file ..\GD32E50x_Firmware_Library\CMSIS\GD\GD32E50x\Source
\ARM\startup_gd32e50x_hd.s

ADC2_IRQHandler 0000001A

Symbol: ADC2_IRQHandler
   Definitions
      At line 356 in file ..\GD32E50x_Firmware_Library\CMSIS\GD\GD32E50x\Source
\ARM\startup_gd32e50x_hd.s
   Uses
      At line 125 in file ..\GD32E50x_Firmware_Library\CMSIS\GD\GD32E50x\Source
\ARM\startup_gd32e50x_hd.s
      At line 278 in file ..\GD32E50x_Firmware_Library\CMSIS\GD\GD32E50x\Source
\ARM\startup_gd32e50x_hd.s

BusFault_Handler 0000000E

Symbol: BusFault_Handler
   Definitions
      At line 200 in file ..\GD32E50x_Firmware_Library\CMSIS\GD\GD32E50x\Source
\ARM\startup_gd32e50x_hd.s
   Uses
      At line 65 in file ..\GD32E50x_Firmware_Library\CMSIS\GD\GD32E50x\Source\
ARM\startup_gd32e50x_hd.s
      At line 201 in file ..\GD32E50x_Firmware_Library\CMSIS\GD\GD32E50x\Source
\ARM\startup_gd32e50x_hd.s

CAN0_EWMC_IRQHandler 0000001A

Symbol: CAN0_EWMC_IRQHandler
   Definitions
      At line 331 in file ..\GD32E50x_Firmware_Library\CMSIS\GD\GD32E50x\Source
\ARM\startup_gd32e50x_hd.s
   Uses
      At line 100 in file ..\GD32E50x_Firmware_Library\CMSIS\GD\GD32E50x\Source
\ARM\startup_gd32e50x_hd.s
      At line 253 in file ..\GD32E50x_Firmware_Library\CMSIS\GD\GD32E50x\Source
\ARM\startup_gd32e50x_hd.s

CAN0_RX1_IRQHandler 0000001A




ARM Macro Assembler    Page 2 Alphabetic symbol ordering
Relocatable symbols

Symbol: CAN0_RX1_IRQHandler
   Definitions
      At line 330 in file ..\GD32E50x_Firmware_Library\CMSIS\GD\GD32E50x\Source
\ARM\startup_gd32e50x_hd.s
   Uses
      At line 99 in file ..\GD32E50x_Firmware_Library\CMSIS\GD\GD32E50x\Source\
ARM\startup_gd32e50x_hd.s
      At line 252 in file ..\GD32E50x_Firmware_Library\CMSIS\GD\GD32E50x\Source
\ARM\startup_gd32e50x_hd.s

CAN1_EWMC_IRQHandler 0000001A

Symbol: CAN1_EWMC_IRQHandler
   Definitions
      At line 372 in file ..\GD32E50x_Firmware_Library\CMSIS\GD\GD32E50x\Source
\ARM\startup_gd32e50x_hd.s
   Uses
      At line 144 in file ..\GD32E50x_Firmware_Library\CMSIS\GD\GD32E50x\Source
\ARM\startup_gd32e50x_hd.s
      At line 294 in file ..\GD32E50x_Firmware_Library\CMSIS\GD\GD32E50x\Source
\ARM\startup_gd32e50x_hd.s

CAN1_RX0_IRQHandler 0000001A

Symbol: CAN1_RX0_IRQHandler
   Definitions
      At line 370 in file ..\GD32E50x_Firmware_Library\CMSIS\GD\GD32E50x\Source
\ARM\startup_gd32e50x_hd.s
   Uses
      At line 142 in file ..\GD32E50x_Firmware_Library\CMSIS\GD\GD32E50x\Source
\ARM\startup_gd32e50x_hd.s
      At line 292 in file ..\GD32E50x_Firmware_Library\CMSIS\GD\GD32E50x\Source
\ARM\startup_gd32e50x_hd.s

CAN1_RX1_IRQHandler 0000001A

Symbol: CAN1_RX1_IRQHandler
   Definitions
      At line 371 in file ..\GD32E50x_Firmware_Library\CMSIS\GD\GD32E50x\Source
\ARM\startup_gd32e50x_hd.s
   Uses
      At line 143 in file ..\GD32E50x_Firmware_Library\CMSIS\GD\GD32E50x\Source
\ARM\startup_gd32e50x_hd.s
      At line 293 in file ..\GD32E50x_Firmware_Library\CMSIS\GD\GD32E50x\Source
\ARM\startup_gd32e50x_hd.s

CAN1_TX_IRQHandler 0000001A

Symbol: CAN1_TX_IRQHandler
   Definitions
      At line 369 in file ..\GD32E50x_Firmware_Library\CMSIS\GD\GD32E50x\Source
\ARM\startup_gd32e50x_hd.s
   Uses
      At line 141 in file ..\GD32E50x_Firmware_Library\CMSIS\GD\GD32E50x\Source
\ARM\startup_gd32e50x_hd.s
      At line 291 in file ..\GD32E50x_Firmware_Library\CMSIS\GD\GD32E50x\Source
\ARM\startup_gd32e50x_hd.s

DMA0_Channel0_IRQHandler 0000001A



ARM Macro Assembler    Page 3 Alphabetic symbol ordering
Relocatable symbols


Symbol: DMA0_Channel0_IRQHandler
   Definitions
      At line 320 in file ..\GD32E50x_Firmware_Library\CMSIS\GD\GD32E50x\Source
\ARM\startup_gd32e50x_hd.s
   Uses
      At line 89 in file ..\GD32E50x_Firmware_Library\CMSIS\GD\GD32E50x\Source\
ARM\startup_gd32e50x_hd.s
      At line 242 in file ..\GD32E50x_Firmware_Library\CMSIS\GD\GD32E50x\Source
\ARM\startup_gd32e50x_hd.s

DMA0_Channel1_IRQHandler 0000001A

Symbol: DMA0_Channel1_IRQHandler
   Definitions
      At line 321 in file ..\GD32E50x_Firmware_Library\CMSIS\GD\GD32E50x\Source
\ARM\startup_gd32e50x_hd.s
   Uses
      At line 90 in file ..\GD32E50x_Firmware_Library\CMSIS\GD\GD32E50x\Source\
ARM\startup_gd32e50x_hd.s
      At line 243 in file ..\GD32E50x_Firmware_Library\CMSIS\GD\GD32E50x\Source
\ARM\startup_gd32e50x_hd.s

DMA0_Channel2_IRQHandler 0000001A

Symbol: DMA0_Channel2_IRQHandler
   Definitions
      At line 322 in file ..\GD32E50x_Firmware_Library\CMSIS\GD\GD32E50x\Source
\ARM\startup_gd32e50x_hd.s
   Uses
      At line 91 in file ..\GD32E50x_Firmware_Library\CMSIS\GD\GD32E50x\Source\
ARM\startup_gd32e50x_hd.s
      At line 244 in file ..\GD32E50x_Firmware_Library\CMSIS\GD\GD32E50x\Source
\ARM\startup_gd32e50x_hd.s

DMA0_Channel3_IRQHandler 0000001A

Symbol: DMA0_Channel3_IRQHandler
   Definitions
      At line 323 in file ..\GD32E50x_Firmware_Library\CMSIS\GD\GD32E50x\Source
\ARM\startup_gd32e50x_hd.s
   Uses
      At line 92 in file ..\GD32E50x_Firmware_Library\CMSIS\GD\GD32E50x\Source\
ARM\startup_gd32e50x_hd.s
      At line 245 in file ..\GD32E50x_Firmware_Library\CMSIS\GD\GD32E50x\Source
\ARM\startup_gd32e50x_hd.s

DMA0_Channel4_IRQHandler 0000001A

Symbol: DMA0_Channel4_IRQHandler
   Definitions
      At line 324 in file ..\GD32E50x_Firmware_Library\CMSIS\GD\GD32E50x\Source
\ARM\startup_gd32e50x_hd.s
   Uses
      At line 93 in file ..\GD32E50x_Firmware_Library\CMSIS\GD\GD32E50x\Source\
ARM\startup_gd32e50x_hd.s
      At line 246 in file ..\GD32E50x_Firmware_Library\CMSIS\GD\GD32E50x\Source
\ARM\startup_gd32e50x_hd.s




ARM Macro Assembler    Page 4 Alphabetic symbol ordering
Relocatable symbols

DMA0_Channel5_IRQHandler 0000001A

Symbol: DMA0_Channel5_IRQHandler
   Definitions
      At line 325 in file ..\GD32E50x_Firmware_Library\CMSIS\GD\GD32E50x\Source
\ARM\startup_gd32e50x_hd.s
   Uses
      At line 94 in file ..\GD32E50x_Firmware_Library\CMSIS\GD\GD32E50x\Source\
ARM\startup_gd32e50x_hd.s
      At line 247 in file ..\GD32E50x_Firmware_Library\CMSIS\GD\GD32E50x\Source
\ARM\startup_gd32e50x_hd.s

DMA0_Channel6_IRQHandler 0000001A

Symbol: DMA0_Channel6_IRQHandler
   Definitions
      At line 326 in file ..\GD32E50x_Firmware_Library\CMSIS\GD\GD32E50x\Source
\ARM\startup_gd32e50x_hd.s
   Uses
      At line 95 in file ..\GD32E50x_Firmware_Library\CMSIS\GD\GD32E50x\Source\
ARM\startup_gd32e50x_hd.s
      At line 248 in file ..\GD32E50x_Firmware_Library\CMSIS\GD\GD32E50x\Source
\ARM\startup_gd32e50x_hd.s

DMA1_Channel0_IRQHandler 0000001A

Symbol: DMA1_Channel0_IRQHandler
   Definitions
      At line 365 in file ..\GD32E50x_Firmware_Library\CMSIS\GD\GD32E50x\Source
\ARM\startup_gd32e50x_hd.s
   Uses
      At line 134 in file ..\GD32E50x_Firmware_Library\CMSIS\GD\GD32E50x\Source
\ARM\startup_gd32e50x_hd.s
      At line 287 in file ..\GD32E50x_Firmware_Library\CMSIS\GD\GD32E50x\Source
\ARM\startup_gd32e50x_hd.s

DMA1_Channel1_IRQHandler 0000001A

Symbol: DMA1_Channel1_IRQHandler
   Definitions
      At line 366 in file ..\GD32E50x_Firmware_Library\CMSIS\GD\GD32E50x\Source
\ARM\startup_gd32e50x_hd.s
   Uses
      At line 135 in file ..\GD32E50x_Firmware_Library\CMSIS\GD\GD32E50x\Source
\ARM\startup_gd32e50x_hd.s
      At line 288 in file ..\GD32E50x_Firmware_Library\CMSIS\GD\GD32E50x\Source
\ARM\startup_gd32e50x_hd.s

DMA1_Channel2_IRQHandler 0000001A

Symbol: DMA1_Channel2_IRQHandler
   Definitions
      At line 367 in file ..\GD32E50x_Firmware_Library\CMSIS\GD\GD32E50x\Source
\ARM\startup_gd32e50x_hd.s
   Uses
      At line 136 in file ..\GD32E50x_Firmware_Library\CMSIS\GD\GD32E50x\Source
\ARM\startup_gd32e50x_hd.s
      At line 289 in file ..\GD32E50x_Firmware_Library\CMSIS\GD\GD32E50x\Source
\ARM\startup_gd32e50x_hd.s



ARM Macro Assembler    Page 5 Alphabetic symbol ordering
Relocatable symbols


DMA1_Channel3_4_IRQHandler 0000001A

Symbol: DMA1_Channel3_4_IRQHandler
   Definitions
      At line 368 in file ..\GD32E50x_Firmware_Library\CMSIS\GD\GD32E50x\Source
\ARM\startup_gd32e50x_hd.s
   Uses
      At line 137 in file ..\GD32E50x_Firmware_Library\CMSIS\GD\GD32E50x\Source
\ARM\startup_gd32e50x_hd.s
      At line 290 in file ..\GD32E50x_Firmware_Library\CMSIS\GD\GD32E50x\Source
\ARM\startup_gd32e50x_hd.s

DebugMon_Handler 00000014

Symbol: DebugMon_Handler
   Definitions
      At line 214 in file ..\GD32E50x_Firmware_Library\CMSIS\GD\GD32E50x\Source
\ARM\startup_gd32e50x_hd.s
   Uses
      At line 72 in file ..\GD32E50x_Firmware_Library\CMSIS\GD\GD32E50x\Source\
ARM\startup_gd32e50x_hd.s
      At line 215 in file ..\GD32E50x_Firmware_Library\CMSIS\GD\GD32E50x\Source
\ARM\startup_gd32e50x_hd.s

Default_Handler 0000001A

Symbol: Default_Handler
   Definitions
      At line 229 in file ..\GD32E50x_Firmware_Library\CMSIS\GD\GD32E50x\Source
\ARM\startup_gd32e50x_hd.s
   Uses
      None
Comment: Default_Handler unused
EXMC_IRQHandler 0000001A

Symbol: EXMC_IRQHandler
   Definitions
      At line 357 in file ..\GD32E50x_Firmware_Library\CMSIS\GD\GD32E50x\Source
\ARM\startup_gd32e50x_hd.s
   Uses
      At line 126 in file ..\GD32E50x_Firmware_Library\CMSIS\GD\GD32E50x\Source
\ARM\startup_gd32e50x_hd.s
      At line 279 in file ..\GD32E50x_Firmware_Library\CMSIS\GD\GD32E50x\Source
\ARM\startup_gd32e50x_hd.s

EXTI0_IRQHandler 0000001A

Symbol: EXTI0_IRQHandler
   Definitions
      At line 315 in file ..\GD32E50x_Firmware_Library\CMSIS\GD\GD32E50x\Source
\ARM\startup_gd32e50x_hd.s
   Uses
      At line 84 in file ..\GD32E50x_Firmware_Library\CMSIS\GD\GD32E50x\Source\
ARM\startup_gd32e50x_hd.s
      At line 237 in file ..\GD32E50x_Firmware_Library\CMSIS\GD\GD32E50x\Source
\ARM\startup_gd32e50x_hd.s

EXTI10_15_IRQHandler 0000001A



ARM Macro Assembler    Page 6 Alphabetic symbol ordering
Relocatable symbols


Symbol: EXTI10_15_IRQHandler
   Definitions
      At line 349 in file ..\GD32E50x_Firmware_Library\CMSIS\GD\GD32E50x\Source
\ARM\startup_gd32e50x_hd.s
   Uses
      At line 118 in file ..\GD32E50x_Firmware_Library\CMSIS\GD\GD32E50x\Source
\ARM\startup_gd32e50x_hd.s
      At line 271 in file ..\GD32E50x_Firmware_Library\CMSIS\GD\GD32E50x\Source
\ARM\startup_gd32e50x_hd.s

EXTI1_IRQHandler 0000001A

Symbol: EXTI1_IRQHandler
   Definitions
      At line 316 in file ..\GD32E50x_Firmware_Library\CMSIS\GD\GD32E50x\Source
\ARM\startup_gd32e50x_hd.s
   Uses
      At line 85 in file ..\GD32E50x_Firmware_Library\CMSIS\GD\GD32E50x\Source\
ARM\startup_gd32e50x_hd.s
      At line 238 in file ..\GD32E50x_Firmware_Library\CMSIS\GD\GD32E50x\Source
\ARM\startup_gd32e50x_hd.s

EXTI2_IRQHandler 0000001A

Symbol: EXTI2_IRQHandler
   Definitions
      At line 317 in file ..\GD32E50x_Firmware_Library\CMSIS\GD\GD32E50x\Source
\ARM\startup_gd32e50x_hd.s
   Uses
      At line 86 in file ..\GD32E50x_Firmware_Library\CMSIS\GD\GD32E50x\Source\
ARM\startup_gd32e50x_hd.s
      At line 239 in file ..\GD32E50x_Firmware_Library\CMSIS\GD\GD32E50x\Source
\ARM\startup_gd32e50x_hd.s

EXTI3_IRQHandler 0000001A

Symbol: EXTI3_IRQHandler
   Definitions
      At line 318 in file ..\GD32E50x_Firmware_Library\CMSIS\GD\GD32E50x\Source
\ARM\startup_gd32e50x_hd.s
   Uses
      At line 87 in file ..\GD32E50x_Firmware_Library\CMSIS\GD\GD32E50x\Source\
ARM\startup_gd32e50x_hd.s
      At line 240 in file ..\GD32E50x_Firmware_Library\CMSIS\GD\GD32E50x\Source
\ARM\startup_gd32e50x_hd.s

EXTI4_IRQHandler 0000001A

Symbol: EXTI4_IRQHandler
   Definitions
      At line 319 in file ..\GD32E50x_Firmware_Library\CMSIS\GD\GD32E50x\Source
\ARM\startup_gd32e50x_hd.s
   Uses
      At line 88 in file ..\GD32E50x_Firmware_Library\CMSIS\GD\GD32E50x\Source\
ARM\startup_gd32e50x_hd.s
      At line 241 in file ..\GD32E50x_Firmware_Library\CMSIS\GD\GD32E50x\Source
\ARM\startup_gd32e50x_hd.s




ARM Macro Assembler    Page 7 Alphabetic symbol ordering
Relocatable symbols

EXTI5_9_IRQHandler 0000001A

Symbol: EXTI5_9_IRQHandler
   Definitions
      At line 332 in file ..\GD32E50x_Firmware_Library\CMSIS\GD\GD32E50x\Source
\ARM\startup_gd32e50x_hd.s
   Uses
      At line 101 in file ..\GD32E50x_Firmware_Library\CMSIS\GD\GD32E50x\Source
\ARM\startup_gd32e50x_hd.s
      At line 254 in file ..\GD32E50x_Firmware_Library\CMSIS\GD\GD32E50x\Source
\ARM\startup_gd32e50x_hd.s

FMC_IRQHandler 0000001A

Symbol: FMC_IRQHandler
   Definitions
      At line 313 in file ..\GD32E50x_Firmware_Library\CMSIS\GD\GD32E50x\Source
\ARM\startup_gd32e50x_hd.s
   Uses
      At line 82 in file ..\GD32E50x_Firmware_Library\CMSIS\GD\GD32E50x\Source\
ARM\startup_gd32e50x_hd.s
      At line 235 in file ..\GD32E50x_Firmware_Library\CMSIS\GD\GD32E50x\Source
\ARM\startup_gd32e50x_hd.s

HardFault_Handler 0000000A

Symbol: HardFault_Handler
   Definitions
      At line 190 in file ..\GD32E50x_Firmware_Library\CMSIS\GD\GD32E50x\Source
\ARM\startup_gd32e50x_hd.s
   Uses
      At line 63 in file ..\GD32E50x_Firmware_Library\CMSIS\GD\GD32E50x\Source\
ARM\startup_gd32e50x_hd.s
      At line 191 in file ..\GD32E50x_Firmware_Library\CMSIS\GD\GD32E50x\Source
\ARM\startup_gd32e50x_hd.s

I2C0_ER_IRQHandler 0000001A

Symbol: I2C0_ER_IRQHandler
   Definitions
      At line 341 in file ..\GD32E50x_Firmware_Library\CMSIS\GD\GD32E50x\Source
\ARM\startup_gd32e50x_hd.s
   Uses
      At line 110 in file ..\GD32E50x_Firmware_Library\CMSIS\GD\GD32E50x\Source
\ARM\startup_gd32e50x_hd.s
      At line 263 in file ..\GD32E50x_Firmware_Library\CMSIS\GD\GD32E50x\Source
\ARM\startup_gd32e50x_hd.s

I2C0_EV_IRQHandler 0000001A

Symbol: I2C0_EV_IRQHandler
   Definitions
      At line 340 in file ..\GD32E50x_Firmware_Library\CMSIS\GD\GD32E50x\Source
\ARM\startup_gd32e50x_hd.s
   Uses
      At line 109 in file ..\GD32E50x_Firmware_Library\CMSIS\GD\GD32E50x\Source
\ARM\startup_gd32e50x_hd.s
      At line 262 in file ..\GD32E50x_Firmware_Library\CMSIS\GD\GD32E50x\Source
\ARM\startup_gd32e50x_hd.s



ARM Macro Assembler    Page 8 Alphabetic symbol ordering
Relocatable symbols


I2C1_ER_IRQHandler 0000001A

Symbol: I2C1_ER_IRQHandler
   Definitions
      At line 343 in file ..\GD32E50x_Firmware_Library\CMSIS\GD\GD32E50x\Source
\ARM\startup_gd32e50x_hd.s
   Uses
      At line 112 in file ..\GD32E50x_Firmware_Library\CMSIS\GD\GD32E50x\Source
\ARM\startup_gd32e50x_hd.s
      At line 265 in file ..\GD32E50x_Firmware_Library\CMSIS\GD\GD32E50x\Source
\ARM\startup_gd32e50x_hd.s

I2C1_EV_IRQHandler 0000001A

Symbol: I2C1_EV_IRQHandler
   Definitions
      At line 342 in file ..\GD32E50x_Firmware_Library\CMSIS\GD\GD32E50x\Source
\ARM\startup_gd32e50x_hd.s
   Uses
      At line 111 in file ..\GD32E50x_Firmware_Library\CMSIS\GD\GD32E50x\Source
\ARM\startup_gd32e50x_hd.s
      At line 264 in file ..\GD32E50x_Firmware_Library\CMSIS\GD\GD32E50x\Source
\ARM\startup_gd32e50x_hd.s

I2C2_ER_IRQHandler 0000001A

Symbol: I2C2_ER_IRQHandler
   Definitions
      At line 381 in file ..\GD32E50x_Firmware_Library\CMSIS\GD\GD32E50x\Source
\ARM\startup_gd32e50x_hd.s
   Uses
      At line 161 in file ..\GD32E50x_Firmware_Library\CMSIS\GD\GD32E50x\Source
\ARM\startup_gd32e50x_hd.s
      At line 303 in file ..\GD32E50x_Firmware_Library\CMSIS\GD\GD32E50x\Source
\ARM\startup_gd32e50x_hd.s

I2C2_EV_IRQHandler 0000001A

Symbol: I2C2_EV_IRQHandler
   Definitions
      At line 380 in file ..\GD32E50x_Firmware_Library\CMSIS\GD\GD32E50x\Source
\ARM\startup_gd32e50x_hd.s
   Uses
      At line 160 in file ..\GD32E50x_Firmware_Library\CMSIS\GD\GD32E50x\Source
\ARM\startup_gd32e50x_hd.s
      At line 302 in file ..\GD32E50x_Firmware_Library\CMSIS\GD\GD32E50x\Source
\ARM\startup_gd32e50x_hd.s

I2C2_WKUP_IRQHandler 0000001A

Symbol: I2C2_WKUP_IRQHandler
   Definitions
      At line 383 in file ..\GD32E50x_Firmware_Library\CMSIS\GD\GD32E50x\Source
\ARM\startup_gd32e50x_hd.s
   Uses
      At line 163 in file ..\GD32E50x_Firmware_Library\CMSIS\GD\GD32E50x\Source
\ARM\startup_gd32e50x_hd.s
      At line 305 in file ..\GD32E50x_Firmware_Library\CMSIS\GD\GD32E50x\Source



ARM Macro Assembler    Page 9 Alphabetic symbol ordering
Relocatable symbols

\ARM\startup_gd32e50x_hd.s

LVD_IRQHandler 0000001A

Symbol: LVD_IRQHandler
   Definitions
      At line 310 in file ..\GD32E50x_Firmware_Library\CMSIS\GD\GD32E50x\Source
\ARM\startup_gd32e50x_hd.s
   Uses
      At line 79 in file ..\GD32E50x_Firmware_Library\CMSIS\GD\GD32E50x\Source\
ARM\startup_gd32e50x_hd.s
      At line 232 in file ..\GD32E50x_Firmware_Library\CMSIS\GD\GD32E50x\Source
\ARM\startup_gd32e50x_hd.s

MemManage_Handler 0000000C

Symbol: MemManage_Handler
   Definitions
      At line 195 in file ..\GD32E50x_Firmware_Library\CMSIS\GD\GD32E50x\Source
\ARM\startup_gd32e50x_hd.s
   Uses
      At line 64 in file ..\GD32E50x_Firmware_Library\CMSIS\GD\GD32E50x\Source\
ARM\startup_gd32e50x_hd.s
      At line 196 in file ..\GD32E50x_Firmware_Library\CMSIS\GD\GD32E50x\Source
\ARM\startup_gd32e50x_hd.s

NMI_Handler 00000008

Symbol: NMI_Handler
   Definitions
      At line 185 in file ..\GD32E50x_Firmware_Library\CMSIS\GD\GD32E50x\Source
\ARM\startup_gd32e50x_hd.s
   Uses
      At line 62 in file ..\GD32E50x_Firmware_Library\CMSIS\GD\GD32E50x\Source\
ARM\startup_gd32e50x_hd.s
      At line 186 in file ..\GD32E50x_Firmware_Library\CMSIS\GD\GD32E50x\Source
\ARM\startup_gd32e50x_hd.s

PendSV_Handler 00000016

Symbol: PendSV_Handler
   Definitions
      At line 219 in file ..\GD32E50x_Firmware_Library\CMSIS\GD\GD32E50x\Source
\ARM\startup_gd32e50x_hd.s
   Uses
      At line 74 in file ..\GD32E50x_Firmware_Library\CMSIS\GD\GD32E50x\Source\
ARM\startup_gd32e50x_hd.s
      At line 220 in file ..\GD32E50x_Firmware_Library\CMSIS\GD\GD32E50x\Source
\ARM\startup_gd32e50x_hd.s

RCU_CTC_IRQHandler 0000001A

Symbol: RCU_CTC_IRQHandler
   Definitions
      At line 314 in file ..\GD32E50x_Firmware_Library\CMSIS\GD\GD32E50x\Source
\ARM\startup_gd32e50x_hd.s
   Uses
      At line 83 in file ..\GD32E50x_Firmware_Library\CMSIS\GD\GD32E50x\Source\
ARM\startup_gd32e50x_hd.s



ARM Macro Assembler    Page 10 Alphabetic symbol ordering
Relocatable symbols

      At line 236 in file ..\GD32E50x_Firmware_Library\CMSIS\GD\GD32E50x\Source
\ARM\startup_gd32e50x_hd.s

RTC_Alarm_IRQHandler 0000001A

Symbol: RTC_Alarm_IRQHandler
   Definitions
      At line 350 in file ..\GD32E50x_Firmware_Library\CMSIS\GD\GD32E50x\Source
\ARM\startup_gd32e50x_hd.s
   Uses
      At line 119 in file ..\GD32E50x_Firmware_Library\CMSIS\GD\GD32E50x\Source
\ARM\startup_gd32e50x_hd.s
      At line 272 in file ..\GD32E50x_Firmware_Library\CMSIS\GD\GD32E50x\Source
\ARM\startup_gd32e50x_hd.s

RTC_IRQHandler 0000001A

Symbol: RTC_IRQHandler
   Definitions
      At line 312 in file ..\GD32E50x_Firmware_Library\CMSIS\GD\GD32E50x\Source
\ARM\startup_gd32e50x_hd.s
   Uses
      At line 81 in file ..\GD32E50x_Firmware_Library\CMSIS\GD\GD32E50x\Source\
ARM\startup_gd32e50x_hd.s
      At line 234 in file ..\GD32E50x_Firmware_Library\CMSIS\GD\GD32E50x\Source
\ARM\startup_gd32e50x_hd.s

Reset_Handler 00000000

Symbol: Reset_Handler
   Definitions
      At line 174 in file ..\GD32E50x_Firmware_Library\CMSIS\GD\GD32E50x\Source
\ARM\startup_gd32e50x_hd.s
   Uses
      At line 61 in file ..\GD32E50x_Firmware_Library\CMSIS\GD\GD32E50x\Source\
ARM\startup_gd32e50x_hd.s
      At line 175 in file ..\GD32E50x_Firmware_Library\CMSIS\GD\GD32E50x\Source
\ARM\startup_gd32e50x_hd.s

SDIO_IRQHandler 0000001A

Symbol: SDIO_IRQHandler
   Definitions
      At line 358 in file ..\GD32E50x_Firmware_Library\CMSIS\GD\GD32E50x\Source
\ARM\startup_gd32e50x_hd.s
   Uses
      At line 127 in file ..\GD32E50x_Firmware_Library\CMSIS\GD\GD32E50x\Source
\ARM\startup_gd32e50x_hd.s
      At line 280 in file ..\GD32E50x_Firmware_Library\CMSIS\GD\GD32E50x\Source
\ARM\startup_gd32e50x_hd.s

SHRTIMER_IRQ0_IRQHandler 0000001A

Symbol: SHRTIMER_IRQ0_IRQHandler
   Definitions
      At line 378 in file ..\GD32E50x_Firmware_Library\CMSIS\GD\GD32E50x\Source
\ARM\startup_gd32e50x_hd.s
   Uses
      At line 154 in file ..\GD32E50x_Firmware_Library\CMSIS\GD\GD32E50x\Source



ARM Macro Assembler    Page 11 Alphabetic symbol ordering
Relocatable symbols

\ARM\startup_gd32e50x_hd.s
      At line 300 in file ..\GD32E50x_Firmware_Library\CMSIS\GD\GD32E50x\Source
\ARM\startup_gd32e50x_hd.s

SHRTIMER_IRQ1_IRQHandler 0000001A

Symbol: SHRTIMER_IRQ1_IRQHandler
   Definitions
      At line 379 in file ..\GD32E50x_Firmware_Library\CMSIS\GD\GD32E50x\Source
\ARM\startup_gd32e50x_hd.s
   Uses
      At line 155 in file ..\GD32E50x_Firmware_Library\CMSIS\GD\GD32E50x\Source
\ARM\startup_gd32e50x_hd.s
      At line 301 in file ..\GD32E50x_Firmware_Library\CMSIS\GD\GD32E50x\Source
\ARM\startup_gd32e50x_hd.s

SHRTIMER_IRQ2_IRQHandler 0000001A

Symbol: SHRTIMER_IRQ2_IRQHandler
   Definitions
      At line 373 in file ..\GD32E50x_Firmware_Library\CMSIS\GD\GD32E50x\Source
\ARM\startup_gd32e50x_hd.s
   Uses
      At line 147 in file ..\GD32E50x_Firmware_Library\CMSIS\GD\GD32E50x\Source
\ARM\startup_gd32e50x_hd.s
      At line 295 in file ..\GD32E50x_Firmware_Library\CMSIS\GD\GD32E50x\Source
\ARM\startup_gd32e50x_hd.s

SHRTIMER_IRQ3_IRQHandler 0000001A

Symbol: SHRTIMER_IRQ3_IRQHandler
   Definitions
      At line 374 in file ..\GD32E50x_Firmware_Library\CMSIS\GD\GD32E50x\Source
\ARM\startup_gd32e50x_hd.s
   Uses
      At line 148 in file ..\GD32E50x_Firmware_Library\CMSIS\GD\GD32E50x\Source
\ARM\startup_gd32e50x_hd.s
      At line 296 in file ..\GD32E50x_Firmware_Library\CMSIS\GD\GD32E50x\Source
\ARM\startup_gd32e50x_hd.s

SHRTIMER_IRQ4_IRQHandler 0000001A

Symbol: SHRTIMER_IRQ4_IRQHandler
   Definitions
      At line 375 in file ..\GD32E50x_Firmware_Library\CMSIS\GD\GD32E50x\Source
\ARM\startup_gd32e50x_hd.s
   Uses
      At line 149 in file ..\GD32E50x_Firmware_Library\CMSIS\GD\GD32E50x\Source
\ARM\startup_gd32e50x_hd.s
      At line 297 in file ..\GD32E50x_Firmware_Library\CMSIS\GD\GD32E50x\Source
\ARM\startup_gd32e50x_hd.s

SHRTIMER_IRQ5_IRQHandler 0000001A

Symbol: SHRTIMER_IRQ5_IRQHandler
   Definitions
      At line 376 in file ..\GD32E50x_Firmware_Library\CMSIS\GD\GD32E50x\Source
\ARM\startup_gd32e50x_hd.s
   Uses



ARM Macro Assembler    Page 12 Alphabetic symbol ordering
Relocatable symbols

      At line 150 in file ..\GD32E50x_Firmware_Library\CMSIS\GD\GD32E50x\Source
\ARM\startup_gd32e50x_hd.s
      At line 298 in file ..\GD32E50x_Firmware_Library\CMSIS\GD\GD32E50x\Source
\ARM\startup_gd32e50x_hd.s

SHRTIMER_IRQ6_IRQHandler 0000001A

Symbol: SHRTIMER_IRQ6_IRQHandler
   Definitions
      At line 377 in file ..\GD32E50x_Firmware_Library\CMSIS\GD\GD32E50x\Source
\ARM\startup_gd32e50x_hd.s
   Uses
      At line 151 in file ..\GD32E50x_Firmware_Library\CMSIS\GD\GD32E50x\Source
\ARM\startup_gd32e50x_hd.s
      At line 299 in file ..\GD32E50x_Firmware_Library\CMSIS\GD\GD32E50x\Source
\ARM\startup_gd32e50x_hd.s

SPI0_IRQHandler 0000001A

Symbol: SPI0_IRQHandler
   Definitions
      At line 344 in file ..\GD32E50x_Firmware_Library\CMSIS\GD\GD32E50x\Source
\ARM\startup_gd32e50x_hd.s
   Uses
      At line 113 in file ..\GD32E50x_Firmware_Library\CMSIS\GD\GD32E50x\Source
\ARM\startup_gd32e50x_hd.s
      At line 266 in file ..\GD32E50x_Firmware_Library\CMSIS\GD\GD32E50x\Source
\ARM\startup_gd32e50x_hd.s

SPI1_I2S1ADD_IRQHandler 0000001A

Symbol: SPI1_I2S1ADD_IRQHandler
   Definitions
      At line 345 in file ..\GD32E50x_Firmware_Library\CMSIS\GD\GD32E50x\Source
\ARM\startup_gd32e50x_hd.s
   Uses
      At line 114 in file ..\GD32E50x_Firmware_Library\CMSIS\GD\GD32E50x\Source
\ARM\startup_gd32e50x_hd.s
      At line 267 in file ..\GD32E50x_Firmware_Library\CMSIS\GD\GD32E50x\Source
\ARM\startup_gd32e50x_hd.s

SPI2_I2S2ADD_IRQHandler 0000001A

Symbol: SPI2_I2S2ADD_IRQHandler
   Definitions
      At line 360 in file ..\GD32E50x_Firmware_Library\CMSIS\GD\GD32E50x\Source
\ARM\startup_gd32e50x_hd.s
   Uses
      At line 129 in file ..\GD32E50x_Firmware_Library\CMSIS\GD\GD32E50x\Source
\ARM\startup_gd32e50x_hd.s
      At line 282 in file ..\GD32E50x_Firmware_Library\CMSIS\GD\GD32E50x\Source
\ARM\startup_gd32e50x_hd.s

SVC_Handler 00000012

Symbol: SVC_Handler
   Definitions
      At line 209 in file ..\GD32E50x_Firmware_Library\CMSIS\GD\GD32E50x\Source
\ARM\startup_gd32e50x_hd.s



ARM Macro Assembler    Page 13 Alphabetic symbol ordering
Relocatable symbols

   Uses
      At line 71 in file ..\GD32E50x_Firmware_Library\CMSIS\GD\GD32E50x\Source\
ARM\startup_gd32e50x_hd.s
      At line 210 in file ..\GD32E50x_Firmware_Library\CMSIS\GD\GD32E50x\Source
\ARM\startup_gd32e50x_hd.s

SysTick_Handler 00000018

Symbol: SysTick_Handler
   Definitions
      At line 224 in file ..\GD32E50x_Firmware_Library\CMSIS\GD\GD32E50x\Source
\ARM\startup_gd32e50x_hd.s
   Uses
      At line 75 in file ..\GD32E50x_Firmware_Library\CMSIS\GD\GD32E50x\Source\
ARM\startup_gd32e50x_hd.s
      At line 225 in file ..\GD32E50x_Firmware_Library\CMSIS\GD\GD32E50x\Source
\ARM\startup_gd32e50x_hd.s

TAMPER_IRQHandler 0000001A

Symbol: TAMPER_IRQHandler
   Definitions
      At line 311 in file ..\GD32E50x_Firmware_Library\CMSIS\GD\GD32E50x\Source
\ARM\startup_gd32e50x_hd.s
   Uses
      At line 80 in file ..\GD32E50x_Firmware_Library\CMSIS\GD\GD32E50x\Source\
ARM\startup_gd32e50x_hd.s
      At line 233 in file ..\GD32E50x_Firmware_Library\CMSIS\GD\GD32E50x\Source
\ARM\startup_gd32e50x_hd.s

TIMER0_BRK_TIMER8_IRQHandler 0000001A

Symbol: TIMER0_BRK_TIMER8_IRQHandler
   Definitions
      At line 333 in file ..\GD32E50x_Firmware_Library\CMSIS\GD\GD32E50x\Source
\ARM\startup_gd32e50x_hd.s
   Uses
      At line 102 in file ..\GD32E50x_Firmware_Library\CMSIS\GD\GD32E50x\Source
\ARM\startup_gd32e50x_hd.s
      At line 255 in file ..\GD32E50x_Firmware_Library\CMSIS\GD\GD32E50x\Source
\ARM\startup_gd32e50x_hd.s

TIMER0_Channel_IRQHandler 0000001A

Symbol: TIMER0_Channel_IRQHandler
   Definitions
      At line 336 in file ..\GD32E50x_Firmware_Library\CMSIS\GD\GD32E50x\Source
\ARM\startup_gd32e50x_hd.s
   Uses
      At line 105 in file ..\GD32E50x_Firmware_Library\CMSIS\GD\GD32E50x\Source
\ARM\startup_gd32e50x_hd.s
      At line 258 in file ..\GD32E50x_Firmware_Library\CMSIS\GD\GD32E50x\Source
\ARM\startup_gd32e50x_hd.s

TIMER0_TRG_CMT_TIMER10_IRQHandler 0000001A

Symbol: TIMER0_TRG_CMT_TIMER10_IRQHandler
   Definitions
      At line 335 in file ..\GD32E50x_Firmware_Library\CMSIS\GD\GD32E50x\Source



ARM Macro Assembler    Page 14 Alphabetic symbol ordering
Relocatable symbols

\ARM\startup_gd32e50x_hd.s
   Uses
      At line 104 in file ..\GD32E50x_Firmware_Library\CMSIS\GD\GD32E50x\Source
\ARM\startup_gd32e50x_hd.s
      At line 257 in file ..\GD32E50x_Firmware_Library\CMSIS\GD\GD32E50x\Source
\ARM\startup_gd32e50x_hd.s

TIMER0_UP_TIMER9_IRQHandler 0000001A

Symbol: TIMER0_UP_TIMER9_IRQHandler
   Definitions
      At line 334 in file ..\GD32E50x_Firmware_Library\CMSIS\GD\GD32E50x\Source
\ARM\startup_gd32e50x_hd.s
   Uses
      At line 103 in file ..\GD32E50x_Firmware_Library\CMSIS\GD\GD32E50x\Source
\ARM\startup_gd32e50x_hd.s
      At line 256 in file ..\GD32E50x_Firmware_Library\CMSIS\GD\GD32E50x\Source
\ARM\startup_gd32e50x_hd.s

TIMER1_IRQHandler 0000001A

Symbol: TIMER1_IRQHandler
   Definitions
      At line 337 in file ..\GD32E50x_Firmware_Library\CMSIS\GD\GD32E50x\Source
\ARM\startup_gd32e50x_hd.s
   Uses
      At line 106 in file ..\GD32E50x_Firmware_Library\CMSIS\GD\GD32E50x\Source
\ARM\startup_gd32e50x_hd.s
      At line 259 in file ..\GD32E50x_Firmware_Library\CMSIS\GD\GD32E50x\Source
\ARM\startup_gd32e50x_hd.s

TIMER2_IRQHandler 0000001A

Symbol: TIMER2_IRQHandler
   Definitions
      At line 338 in file ..\GD32E50x_Firmware_Library\CMSIS\GD\GD32E50x\Source
\ARM\startup_gd32e50x_hd.s
   Uses
      At line 107 in file ..\GD32E50x_Firmware_Library\CMSIS\GD\GD32E50x\Source
\ARM\startup_gd32e50x_hd.s
      At line 260 in file ..\GD32E50x_Firmware_Library\CMSIS\GD\GD32E50x\Source
\ARM\startup_gd32e50x_hd.s

TIMER3_IRQHandler 0000001A

Symbol: TIMER3_IRQHandler
   Definitions
      At line 339 in file ..\GD32E50x_Firmware_Library\CMSIS\GD\GD32E50x\Source
\ARM\startup_gd32e50x_hd.s
   Uses
      At line 108 in file ..\GD32E50x_Firmware_Library\CMSIS\GD\GD32E50x\Source
\ARM\startup_gd32e50x_hd.s
      At line 261 in file ..\GD32E50x_Firmware_Library\CMSIS\GD\GD32E50x\Source
\ARM\startup_gd32e50x_hd.s

TIMER4_IRQHandler 0000001A

Symbol: TIMER4_IRQHandler
   Definitions



ARM Macro Assembler    Page 15 Alphabetic symbol ordering
Relocatable symbols

      At line 359 in file ..\GD32E50x_Firmware_Library\CMSIS\GD\GD32E50x\Source
\ARM\startup_gd32e50x_hd.s
   Uses
      At line 128 in file ..\GD32E50x_Firmware_Library\CMSIS\GD\GD32E50x\Source
\ARM\startup_gd32e50x_hd.s
      At line 281 in file ..\GD32E50x_Firmware_Library\CMSIS\GD\GD32E50x\Source
\ARM\startup_gd32e50x_hd.s

TIMER5_DAC_IRQHandler 0000001A

Symbol: TIMER5_DAC_IRQHandler
   Definitions
      At line 363 in file ..\GD32E50x_Firmware_Library\CMSIS\GD\GD32E50x\Source
\ARM\startup_gd32e50x_hd.s
   Uses
      At line 132 in file ..\GD32E50x_Firmware_Library\CMSIS\GD\GD32E50x\Source
\ARM\startup_gd32e50x_hd.s
      At line 285 in file ..\GD32E50x_Firmware_Library\CMSIS\GD\GD32E50x\Source
\ARM\startup_gd32e50x_hd.s

TIMER6_IRQHandler 0000001A

Symbol: TIMER6_IRQHandler
   Definitions
      At line 364 in file ..\GD32E50x_Firmware_Library\CMSIS\GD\GD32E50x\Source
\ARM\startup_gd32e50x_hd.s
   Uses
      At line 133 in file ..\GD32E50x_Firmware_Library\CMSIS\GD\GD32E50x\Source
\ARM\startup_gd32e50x_hd.s
      At line 286 in file ..\GD32E50x_Firmware_Library\CMSIS\GD\GD32E50x\Source
\ARM\startup_gd32e50x_hd.s

TIMER7_BRK_TIMER11_IRQHandler 0000001A

Symbol: TIMER7_BRK_TIMER11_IRQHandler
   Definitions
      At line 352 in file ..\GD32E50x_Firmware_Library\CMSIS\GD\GD32E50x\Source
\ARM\startup_gd32e50x_hd.s
   Uses
      At line 121 in file ..\GD32E50x_Firmware_Library\CMSIS\GD\GD32E50x\Source
\ARM\startup_gd32e50x_hd.s
      At line 274 in file ..\GD32E50x_Firmware_Library\CMSIS\GD\GD32E50x\Source
\ARM\startup_gd32e50x_hd.s

TIMER7_Channel_IRQHandler 0000001A

Symbol: TIMER7_Channel_IRQHandler
   Definitions
      At line 355 in file ..\GD32E50x_Firmware_Library\CMSIS\GD\GD32E50x\Source
\ARM\startup_gd32e50x_hd.s
   Uses
      At line 124 in file ..\GD32E50x_Firmware_Library\CMSIS\GD\GD32E50x\Source
\ARM\startup_gd32e50x_hd.s
      At line 277 in file ..\GD32E50x_Firmware_Library\CMSIS\GD\GD32E50x\Source
\ARM\startup_gd32e50x_hd.s

TIMER7_TRG_CMT_TIMER13_IRQHandler 0000001A

Symbol: TIMER7_TRG_CMT_TIMER13_IRQHandler



ARM Macro Assembler    Page 16 Alphabetic symbol ordering
Relocatable symbols

   Definitions
      At line 354 in file ..\GD32E50x_Firmware_Library\CMSIS\GD\GD32E50x\Source
\ARM\startup_gd32e50x_hd.s
   Uses
      At line 123 in file ..\GD32E50x_Firmware_Library\CMSIS\GD\GD32E50x\Source
\ARM\startup_gd32e50x_hd.s
      At line 276 in file ..\GD32E50x_Firmware_Library\CMSIS\GD\GD32E50x\Source
\ARM\startup_gd32e50x_hd.s

TIMER7_UP_TIMER12_IRQHandler 0000001A

Symbol: TIMER7_UP_TIMER12_IRQHandler
   Definitions
      At line 353 in file ..\GD32E50x_Firmware_Library\CMSIS\GD\GD32E50x\Source
\ARM\startup_gd32e50x_hd.s
   Uses
      At line 122 in file ..\GD32E50x_Firmware_Library\CMSIS\GD\GD32E50x\Source
\ARM\startup_gd32e50x_hd.s
      At line 275 in file ..\GD32E50x_Firmware_Library\CMSIS\GD\GD32E50x\Source
\ARM\startup_gd32e50x_hd.s

UART3_IRQHandler 0000001A

Symbol: UART3_IRQHandler
   Definitions
      At line 361 in file ..\GD32E50x_Firmware_Library\CMSIS\GD\GD32E50x\Source
\ARM\startup_gd32e50x_hd.s
   Uses
      At line 130 in file ..\GD32E50x_Firmware_Library\CMSIS\GD\GD32E50x\Source
\ARM\startup_gd32e50x_hd.s
      At line 283 in file ..\GD32E50x_Firmware_Library\CMSIS\GD\GD32E50x\Source
\ARM\startup_gd32e50x_hd.s

UART4_IRQHandler 0000001A

Symbol: UART4_IRQHandler
   Definitions
      At line 362 in file ..\GD32E50x_Firmware_Library\CMSIS\GD\GD32E50x\Source
\ARM\startup_gd32e50x_hd.s
   Uses
      At line 131 in file ..\GD32E50x_Firmware_Library\CMSIS\GD\GD32E50x\Source
\ARM\startup_gd32e50x_hd.s
      At line 284 in file ..\GD32E50x_Firmware_Library\CMSIS\GD\GD32E50x\Source
\ARM\startup_gd32e50x_hd.s

USART0_IRQHandler 0000001A

Symbol: USART0_IRQHandler
   Definitions
      At line 346 in file ..\GD32E50x_Firmware_Library\CMSIS\GD\GD32E50x\Source
\ARM\startup_gd32e50x_hd.s
   Uses
      At line 115 in file ..\GD32E50x_Firmware_Library\CMSIS\GD\GD32E50x\Source
\ARM\startup_gd32e50x_hd.s
      At line 268 in file ..\GD32E50x_Firmware_Library\CMSIS\GD\GD32E50x\Source
\ARM\startup_gd32e50x_hd.s

USART1_IRQHandler 0000001A




ARM Macro Assembler    Page 17 Alphabetic symbol ordering
Relocatable symbols

Symbol: USART1_IRQHandler
   Definitions
      At line 347 in file ..\GD32E50x_Firmware_Library\CMSIS\GD\GD32E50x\Source
\ARM\startup_gd32e50x_hd.s
   Uses
      At line 116 in file ..\GD32E50x_Firmware_Library\CMSIS\GD\GD32E50x\Source
\ARM\startup_gd32e50x_hd.s
      At line 269 in file ..\GD32E50x_Firmware_Library\CMSIS\GD\GD32E50x\Source
\ARM\startup_gd32e50x_hd.s

USART2_IRQHandler 0000001A

Symbol: USART2_IRQHandler
   Definitions
      At line 348 in file ..\GD32E50x_Firmware_Library\CMSIS\GD\GD32E50x\Source
\ARM\startup_gd32e50x_hd.s
   Uses
      At line 117 in file ..\GD32E50x_Firmware_Library\CMSIS\GD\GD32E50x\Source
\ARM\startup_gd32e50x_hd.s
      At line 270 in file ..\GD32E50x_Firmware_Library\CMSIS\GD\GD32E50x\Source
\ARM\startup_gd32e50x_hd.s

USART5_IRQHandler 0000001A

Symbol: USART5_IRQHandler
   Definitions
      At line 382 in file ..\GD32E50x_Firmware_Library\CMSIS\GD\GD32E50x\Source
\ARM\startup_gd32e50x_hd.s
   Uses
      At line 162 in file ..\GD32E50x_Firmware_Library\CMSIS\GD\GD32E50x\Source
\ARM\startup_gd32e50x_hd.s
      At line 304 in file ..\GD32E50x_Firmware_Library\CMSIS\GD\GD32E50x\Source
\ARM\startup_gd32e50x_hd.s

USART5_WKUP_IRQHandler 0000001A

Symbol: USART5_WKUP_IRQHandler
   Definitions
      At line 384 in file ..\GD32E50x_Firmware_Library\CMSIS\GD\GD32E50x\Source
\ARM\startup_gd32e50x_hd.s
   Uses
      At line 164 in file ..\GD32E50x_Firmware_Library\CMSIS\GD\GD32E50x\Source
\ARM\startup_gd32e50x_hd.s
      At line 306 in file ..\GD32E50x_Firmware_Library\CMSIS\GD\GD32E50x\Source
\ARM\startup_gd32e50x_hd.s

USBD_HP_CAN0_TX_IRQHandler 0000001A

Symbol: USBD_HP_CAN0_TX_IRQHandler
   Definitions
      At line 328 in file ..\GD32E50x_Firmware_Library\CMSIS\GD\GD32E50x\Source
\ARM\startup_gd32e50x_hd.s
   Uses
      At line 97 in file ..\GD32E50x_Firmware_Library\CMSIS\GD\GD32E50x\Source\
ARM\startup_gd32e50x_hd.s
      At line 250 in file ..\GD32E50x_Firmware_Library\CMSIS\GD\GD32E50x\Source
\ARM\startup_gd32e50x_hd.s

USBD_LP_CAN0_RX0_IRQHandler 0000001A



ARM Macro Assembler    Page 18 Alphabetic symbol ordering
Relocatable symbols


Symbol: USBD_LP_CAN0_RX0_IRQHandler
   Definitions
      At line 329 in file ..\GD32E50x_Firmware_Library\CMSIS\GD\GD32E50x\Source
\ARM\startup_gd32e50x_hd.s
   Uses
      At line 98 in file ..\GD32E50x_Firmware_Library\CMSIS\GD\GD32E50x\Source\
ARM\startup_gd32e50x_hd.s
      At line 251 in file ..\GD32E50x_Firmware_Library\CMSIS\GD\GD32E50x\Source
\ARM\startup_gd32e50x_hd.s

USBD_WKUP_IRQHandler 0000001A

Symbol: USBD_WKUP_IRQHandler
   Definitions
      At line 351 in file ..\GD32E50x_Firmware_Library\CMSIS\GD\GD32E50x\Source
\ARM\startup_gd32e50x_hd.s
   Uses
      At line 120 in file ..\GD32E50x_Firmware_Library\CMSIS\GD\GD32E50x\Source
\ARM\startup_gd32e50x_hd.s
      At line 273 in file ..\GD32E50x_Firmware_Library\CMSIS\GD\GD32E50x\Source
\ARM\startup_gd32e50x_hd.s

UsageFault_Handler 00000010

Symbol: UsageFault_Handler
   Definitions
      At line 205 in file ..\GD32E50x_Firmware_Library\CMSIS\GD\GD32E50x\Source
\ARM\startup_gd32e50x_hd.s
   Uses
      At line 66 in file ..\GD32E50x_Firmware_Library\CMSIS\GD\GD32E50x\Source\
ARM\startup_gd32e50x_hd.s
      At line 206 in file ..\GD32E50x_Firmware_Library\CMSIS\GD\GD32E50x\Source
\ARM\startup_gd32e50x_hd.s

WWDGT_IRQHandler 0000001A

Symbol: WWDGT_IRQHandler
   Definitions
      At line 309 in file ..\GD32E50x_Firmware_Library\CMSIS\GD\GD32E50x\Source
\ARM\startup_gd32e50x_hd.s
   Uses
      At line 78 in file ..\GD32E50x_Firmware_Library\CMSIS\GD\GD32E50x\Source\
ARM\startup_gd32e50x_hd.s
      At line 231 in file ..\GD32E50x_Firmware_Library\CMSIS\GD\GD32E50x\Source
\ARM\startup_gd32e50x_hd.s

88 symbols



ARM Macro Assembler    Page 1 Alphabetic symbol ordering
Absolute symbols

Heap_Size 00000400

Symbol: Heap_Size
   Definitions
      At line 44 in file ..\GD32E50x_Firmware_Library\CMSIS\GD\GD32E50x\Source\
ARM\startup_gd32e50x_hd.s
   Uses
      At line 48 in file ..\GD32E50x_Firmware_Library\CMSIS\GD\GD32E50x\Source\
ARM\startup_gd32e50x_hd.s
Comment: Heap_Size used once
Stack_Size 00000400

Symbol: Stack_Size
   Definitions
      At line 33 in file ..\GD32E50x_Firmware_Library\CMSIS\GD\GD32E50x\Source\
ARM\startup_gd32e50x_hd.s
   Uses
      At line 36 in file ..\GD32E50x_Firmware_Library\CMSIS\GD\GD32E50x\Source\
ARM\startup_gd32e50x_hd.s
Comment: Stack_Size used once
__Vectors_Size 000001A0

Symbol: __Vectors_Size
   Definitions
      At line 169 in file ..\GD32E50x_Firmware_Library\CMSIS\GD\GD32E50x\Source
\ARM\startup_gd32e50x_hd.s
   Uses
      At line 58 in file ..\GD32E50x_Firmware_Library\CMSIS\GD\GD32E50x\Source\
ARM\startup_gd32e50x_hd.s
Comment: __Vectors_Size used once
3 symbols



ARM Macro Assembler    Page 1 Alphabetic symbol ordering
External symbols

SystemInit 00000000

Symbol: SystemInit
   Definitions
      At line 176 in file ..\GD32E50x_Firmware_Library\CMSIS\GD\GD32E50x\Source
\ARM\startup_gd32e50x_hd.s
   Uses
      At line 178 in file ..\GD32E50x_Firmware_Library\CMSIS\GD\GD32E50x\Source
\ARM\startup_gd32e50x_hd.s
Comment: SystemInit used once
__main 00000000

Symbol: __main
   Definitions
      At line 177 in file ..\GD32E50x_Firmware_Library\CMSIS\GD\GD32E50x\Source
\ARM\startup_gd32e50x_hd.s
   Uses
      At line 180 in file ..\GD32E50x_Firmware_Library\CMSIS\GD\GD32E50x\Source
\ARM\startup_gd32e50x_hd.s
Comment: __main used once
2 symbols
441 symbols in table
